[ pid=22497 thr=2151957580 file=utils.rb:176 time=2011-04-19 00:00:00.309 ]: *** Exception NoMethodError in PhusionPassenger::Rack::ApplicationSpawner (undefined method `routes' for Readability::Engine:Class) (process 22497, thread #<Thread:0x00000100888898>):
	from /Users/hungerandthirst/Code/Ruby/readability/config/routes.rb:1:in `<top (required)>'
	from /Users/hungerandthirst/.rvm/gems/ruby-1.9.2-p180/gems/activesupport-3.0.7/lib/active_support/dependencies.rb:235:in `load'
	from /Users/hungerandthirst/.rvm/gems/ruby-1.9.2-p180/gems/activesupport-3.0.7/lib/active_support/dependencies.rb:235:in `block in load'
	from /Users/hungerandthirst/.rvm/gems/ruby-1.9.2-p180/gems/activesupport-3.0.7/lib/active_support/dependencies.rb:225:in `block in load_dependency'
	from /Users/hungerandthirst/.rvm/gems/ruby-1.9.2-p180/gems/activesupport-3.0.7/lib/active_support/dependencies.rb:596:in `new_constants_in'
	from /Users/hungerandthirst/.rvm/gems/ruby-1.9.2-p180/gems/activesupport-3.0.7/lib/active_support/dependencies.rb:225:in `load_dependency'
	from /Users/hungerandthirst/.rvm/gems/ruby-1.9.2-p180/gems/activesupport-3.0.7/lib/active_support/dependencies.rb:235:in `load'
	from /Users/hungerandthirst/.rvm/gems/ruby-1.9.2-p180/gems/railties-3.0.7/lib/rails/application.rb:127:in `block in reload_routes!'
	from /Users/hungerandthirst/.rvm/gems/ruby-1.9.2-p180/gems/railties-3.0.7/lib/rails/application.rb:127:in `each'
	from /Users/hungerandthirst/.rvm/gems/ruby-1.9.2-p180/gems/railties-3.0.7/lib/rails/application.rb:127:in `reload_routes!'
	from /Users/hungerandthirst/.rvm/gems/ruby-1.9.2-p180/gems/railties-3.0.7/lib/rails/application.rb:120:in `block in routes_reloader'
	from /Users/hungerandthirst/.rvm/gems/ruby-1.9.2-p180/gems/activesupport-3.0.7/lib/active_support/file_update_checker.rb:32:in `call'
	from /Users/hungerandthirst/.rvm/gems/ruby-1.9.2-p180/gems/activesupport-3.0.7/lib/active_support/file_update_checker.rb:32:in `execute_if_updated'
	from /Users/hungerandthirst/.rvm/gems/ruby-1.9.2-p180/gems/railties-3.0.7/lib/rails/application/finisher.rb:51:in `block (2 levels) in <module:Finisher>'
	from /Users/hungerandthirst/.rvm/gems/ruby-1.9.2-p180/gems/railties-3.0.7/lib/rails/application/finisher.rb:52:in `call'
	from /Users/hungerandthirst/.rvm/gems/ruby-1.9.2-p180/gems/railties-3.0.7/lib/rails/application/finisher.rb:52:in `block in <module:Finisher>'
	from /Users/hungerandthirst/.rvm/gems/ruby-1.9.2-p180/gems/railties-3.0.7/lib/rails/initializable.rb:25:in `instance_exec'
	from /Users/hungerandthirst/.rvm/gems/ruby-1.9.2-p180/gems/railties-3.0.7/lib/rails/initializable.rb:25:in `run'
	from /Users/hungerandthirst/.rvm/gems/ruby-1.9.2-p180/gems/railties-3.0.7/lib/rails/initializable.rb:50:in `block in run_initializers'
	from /Users/hungerandthirst/.rvm/gems/ruby-1.9.2-p180/gems/railties-3.0.7/lib/rails/initializable.rb:49:in `each'
	from /Users/hungerandthirst/.rvm/gems/ruby-1.9.2-p180/gems/railties-3.0.7/lib/rails/initializable.rb:49:in `run_initializers'
	from /Users/hungerandthirst/.rvm/gems/ruby-1.9.2-p180/gems/railties-3.0.7/lib/rails/application.rb:134:in `initialize!'
	from /Users/hungerandthirst/.rvm/gems/ruby-1.9.2-p180/gems/railties-3.0.7/lib/rails/application.rb:77:in `method_missing'
	from /Users/hungerandthirst/Code/Ruby/readability/test/dummy/config/environment.rb:5:in `<top (required)>'
	from /Users/hungerandthirst/.rvm/rubies/ruby-1.9.2-p180/lib/ruby/site_ruby/1.9.1/rubygems/custom_require.rb:36:in `require'
	from /Users/hungerandthirst/.rvm/rubies/ruby-1.9.2-p180/lib/ruby/site_ruby/1.9.1/rubygems/custom_require.rb:36:in `require'
	from config.ru:3:in `block in <main>'
	from /Users/hungerandthirst/.rvm/gems/ruby-1.9.2-p180/gems/rack-1.2.2/lib/rack/builder.rb:46:in `instance_eval'
	from /Users/hungerandthirst/.rvm/gems/ruby-1.9.2-p180/gems/rack-1.2.2/lib/rack/builder.rb:46:in `initialize'
	from config.ru:1:in `new'
	from config.ru:1:in `<main>'
	from /Users/hungerandthirst/.passenger/standalone/3.0.6-x86_64-ruby1.9.2-macosx-10.6/support/lib/phusion_passenger/rack/application_spawner.rb:222:in `eval'
	from /Users/hungerandthirst/.passenger/standalone/3.0.6-x86_64-ruby1.9.2-macosx-10.6/support/lib/phusion_passenger/rack/application_spawner.rb:222:in `load_rack_app'
	from /Users/hungerandthirst/.passenger/standalone/3.0.6-x86_64-ruby1.9.2-macosx-10.6/support/lib/phusion_passenger/rack/application_spawner.rb:156:in `block in initialize_server'
	from /Users/hungerandthirst/.passenger/standalone/3.0.6-x86_64-ruby1.9.2-macosx-10.6/support/lib/phusion_passenger/utils.rb:572:in `report_app_init_status'
	from /Users/hungerandthirst/.passenger/standalone/3.0.6-x86_64-ruby1.9.2-macosx-10.6/support/lib/phusion_passenger/rack/application_spawner.rb:153:in `initialize_server'
	from /Users/hungerandthirst/.passenger/standalone/3.0.6-x86_64-ruby1.9.2-macosx-10.6/support/lib/phusion_passenger/abstract_server.rb:204:in `start_synchronously'
	from /Users/hungerandthirst/.passenger/standalone/3.0.6-x86_64-ruby1.9.2-macosx-10.6/support/lib/phusion_passenger/abstract_server.rb:180:in `start'
	from /Users/hungerandthirst/.passenger/standalone/3.0.6-x86_64-ruby1.9.2-macosx-10.6/support/lib/phusion_passenger/rack/application_spawner.rb:128:in `start'
	from /Users/hungerandthirst/.passenger/standalone/3.0.6-x86_64-ruby1.9.2-macosx-10.6/support/lib/phusion_passenger/spawn_manager.rb:253:in `block (2 levels) in spawn_rack_application'
	from /Users/hungerandthirst/.passenger/standalone/3.0.6-x86_64-ruby1.9.2-macosx-10.6/support/lib/phusion_passenger/abstract_server_collection.rb:132:in `lookup_or_add'
	from /Users/hungerandthirst/.passenger/standalone/3.0.6-x86_64-ruby1.9.2-macosx-10.6/support/lib/phusion_passenger/spawn_manager.rb:246:in `block in spawn_rack_application'
	from /Users/hungerandthirst/.passenger/standalone/3.0.6-x86_64-ruby1.9.2-macosx-10.6/support/lib/phusion_passenger/abstract_server_collection.rb:82:in `block in synchronize'
	from <internal:prelude>:10:in `synchronize'
	from /Users/hungerandthirst/.passenger/standalone/3.0.6-x86_64-ruby1.9.2-macosx-10.6/support/lib/phusion_passenger/abstract_server_collection.rb:79:in `synchronize'
	from /Users/hungerandthirst/.passenger/standalone/3.0.6-x86_64-ruby1.9.2-macosx-10.6/support/lib/phusion_passenger/spawn_manager.rb:244:in `spawn_rack_application'
	from /Users/hungerandthirst/.passenger/standalone/3.0.6-x86_64-ruby1.9.2-macosx-10.6/support/lib/phusion_passenger/spawn_manager.rb:137:in `spawn_application'
	from /Users/hungerandthirst/.passenger/standalone/3.0.6-x86_64-ruby1.9.2-macosx-10.6/support/lib/phusion_passenger/spawn_manager.rb:275:in `handle_spawn_application'
	from /Users/hungerandthirst/.passenger/standalone/3.0.6-x86_64-ruby1.9.2-macosx-10.6/support/lib/phusion_passenger/abstract_server.rb:357:in `server_main_loop'
	from /Users/hungerandthirst/.passenger/standalone/3.0.6-x86_64-ruby1.9.2-macosx-10.6/support/lib/phusion_passenger/abstract_server.rb:206:in `start_synchronously'
	from /Users/hungerandthirst/.passenger/standalone/3.0.6-x86_64-ruby1.9.2-macosx-10.6/support/helper-scripts/passenger-spawn-server:99:in `<main>'
[ pid=22540 thr=2151957580 file=utils.rb:176 time=2011-04-19 00:00:42.905 ]: *** Exception NoMethodError in PhusionPassenger::Rack::ApplicationSpawner (undefined method `routes' for Readability::Engine:Class) (process 22540, thread #<Thread:0x00000100888898>):
	from /Users/hungerandthirst/Code/Ruby/readability/config/routes.rb:1:in `<top (required)>'
	from /Users/hungerandthirst/.rvm/gems/ruby-1.9.2-p180/gems/activesupport-3.0.7/lib/active_support/dependencies.rb:235:in `load'
	from /Users/hungerandthirst/.rvm/gems/ruby-1.9.2-p180/gems/activesupport-3.0.7/lib/active_support/dependencies.rb:235:in `block in load'
	from /Users/hungerandthirst/.rvm/gems/ruby-1.9.2-p180/gems/activesupport-3.0.7/lib/active_support/dependencies.rb:225:in `block in load_dependency'
	from /Users/hungerandthirst/.rvm/gems/ruby-1.9.2-p180/gems/activesupport-3.0.7/lib/active_support/dependencies.rb:596:in `new_constants_in'
	from /Users/hungerandthirst/.rvm/gems/ruby-1.9.2-p180/gems/activesupport-3.0.7/lib/active_support/dependencies.rb:225:in `load_dependency'
	from /Users/hungerandthirst/.rvm/gems/ruby-1.9.2-p180/gems/activesupport-3.0.7/lib/active_support/dependencies.rb:235:in `load'
	from /Users/hungerandthirst/.rvm/gems/ruby-1.9.2-p180/gems/railties-3.0.7/lib/rails/application.rb:127:in `block in reload_routes!'
	from /Users/hungerandthirst/.rvm/gems/ruby-1.9.2-p180/gems/railties-3.0.7/lib/rails/application.rb:127:in `each'
	from /Users/hungerandthirst/.rvm/gems/ruby-1.9.2-p180/gems/railties-3.0.7/lib/rails/application.rb:127:in `reload_routes!'
	from /Users/hungerandthirst/.rvm/gems/ruby-1.9.2-p180/gems/railties-3.0.7/lib/rails/application.rb:120:in `block in routes_reloader'
	from /Users/hungerandthirst/.rvm/gems/ruby-1.9.2-p180/gems/activesupport-3.0.7/lib/active_support/file_update_checker.rb:32:in `call'
	from /Users/hungerandthirst/.rvm/gems/ruby-1.9.2-p180/gems/activesupport-3.0.7/lib/active_support/file_update_checker.rb:32:in `execute_if_updated'
	from /Users/hungerandthirst/.rvm/gems/ruby-1.9.2-p180/gems/railties-3.0.7/lib/rails/application/finisher.rb:51:in `block (2 levels) in <module:Finisher>'
	from /Users/hungerandthirst/.rvm/gems/ruby-1.9.2-p180/gems/railties-3.0.7/lib/rails/application/finisher.rb:52:in `call'
	from /Users/hungerandthirst/.rvm/gems/ruby-1.9.2-p180/gems/railties-3.0.7/lib/rails/application/finisher.rb:52:in `block in <module:Finisher>'
	from /Users/hungerandthirst/.rvm/gems/ruby-1.9.2-p180/gems/railties-3.0.7/lib/rails/initializable.rb:25:in `instance_exec'
	from /Users/hungerandthirst/.rvm/gems/ruby-1.9.2-p180/gems/railties-3.0.7/lib/rails/initializable.rb:25:in `run'
	from /Users/hungerandthirst/.rvm/gems/ruby-1.9.2-p180/gems/railties-3.0.7/lib/rails/initializable.rb:50:in `block in run_initializers'
	from /Users/hungerandthirst/.rvm/gems/ruby-1.9.2-p180/gems/railties-3.0.7/lib/rails/initializable.rb:49:in `each'
	from /Users/hungerandthirst/.rvm/gems/ruby-1.9.2-p180/gems/railties-3.0.7/lib/rails/initializable.rb:49:in `run_initializers'
	from /Users/hungerandthirst/.rvm/gems/ruby-1.9.2-p180/gems/railties-3.0.7/lib/rails/application.rb:134:in `initialize!'
	from /Users/hungerandthirst/.rvm/gems/ruby-1.9.2-p180/gems/railties-3.0.7/lib/rails/application.rb:77:in `method_missing'
	from /Users/hungerandthirst/Code/Ruby/readability/test/dummy/config/environment.rb:5:in `<top (required)>'
	from /Users/hungerandthirst/.rvm/rubies/ruby-1.9.2-p180/lib/ruby/site_ruby/1.9.1/rubygems/custom_require.rb:36:in `require'
	from /Users/hungerandthirst/.rvm/rubies/ruby-1.9.2-p180/lib/ruby/site_ruby/1.9.1/rubygems/custom_require.rb:36:in `require'
	from config.ru:3:in `block in <main>'
	from /Users/hungerandthirst/.rvm/gems/ruby-1.9.2-p180/gems/rack-1.2.2/lib/rack/builder.rb:46:in `instance_eval'
	from /Users/hungerandthirst/.rvm/gems/ruby-1.9.2-p180/gems/rack-1.2.2/lib/rack/builder.rb:46:in `initialize'
	from config.ru:1:in `new'
	from config.ru:1:in `<main>'
	from /Users/hungerandthirst/.passenger/standalone/3.0.6-x86_64-ruby1.9.2-macosx-10.6/support/lib/phusion_passenger/rack/application_spawner.rb:222:in `eval'
	from /Users/hungerandthirst/.passenger/standalone/3.0.6-x86_64-ruby1.9.2-macosx-10.6/support/lib/phusion_passenger/rack/application_spawner.rb:222:in `load_rack_app'
	from /Users/hungerandthirst/.passenger/standalone/3.0.6-x86_64-ruby1.9.2-macosx-10.6/support/lib/phusion_passenger/rack/application_spawner.rb:156:in `block in initialize_server'
	from /Users/hungerandthirst/.passenger/standalone/3.0.6-x86_64-ruby1.9.2-macosx-10.6/support/lib/phusion_passenger/utils.rb:572:in `report_app_init_status'
	from /Users/hungerandthirst/.passenger/standalone/3.0.6-x86_64-ruby1.9.2-macosx-10.6/support/lib/phusion_passenger/rack/application_spawner.rb:153:in `initialize_server'
	from /Users/hungerandthirst/.passenger/standalone/3.0.6-x86_64-ruby1.9.2-macosx-10.6/support/lib/phusion_passenger/abstract_server.rb:204:in `start_synchronously'
	from /Users/hungerandthirst/.passenger/standalone/3.0.6-x86_64-ruby1.9.2-macosx-10.6/support/lib/phusion_passenger/abstract_server.rb:180:in `start'
	from /Users/hungerandthirst/.passenger/standalone/3.0.6-x86_64-ruby1.9.2-macosx-10.6/support/lib/phusion_passenger/rack/application_spawner.rb:128:in `start'
	from /Users/hungerandthirst/.passenger/standalone/3.0.6-x86_64-ruby1.9.2-macosx-10.6/support/lib/phusion_passenger/spawn_manager.rb:253:in `block (2 levels) in spawn_rack_application'
	from /Users/hungerandthirst/.passenger/standalone/3.0.6-x86_64-ruby1.9.2-macosx-10.6/support/lib/phusion_passenger/abstract_server_collection.rb:132:in `lookup_or_add'
	from /Users/hungerandthirst/.passenger/standalone/3.0.6-x86_64-ruby1.9.2-macosx-10.6/support/lib/phusion_passenger/spawn_manager.rb:246:in `block in spawn_rack_application'
	from /Users/hungerandthirst/.passenger/standalone/3.0.6-x86_64-ruby1.9.2-macosx-10.6/support/lib/phusion_passenger/abstract_server_collection.rb:82:in `block in synchronize'
	from <internal:prelude>:10:in `synchronize'
	from /Users/hungerandthirst/.passenger/standalone/3.0.6-x86_64-ruby1.9.2-macosx-10.6/support/lib/phusion_passenger/abstract_server_collection.rb:79:in `synchronize'
	from /Users/hungerandthirst/.passenger/standalone/3.0.6-x86_64-ruby1.9.2-macosx-10.6/support/lib/phusion_passenger/spawn_manager.rb:244:in `spawn_rack_application'
	from /Users/hungerandthirst/.passenger/standalone/3.0.6-x86_64-ruby1.9.2-macosx-10.6/support/lib/phusion_passenger/spawn_manager.rb:137:in `spawn_application'
	from /Users/hungerandthirst/.passenger/standalone/3.0.6-x86_64-ruby1.9.2-macosx-10.6/support/lib/phusion_passenger/spawn_manager.rb:275:in `handle_spawn_application'
	from /Users/hungerandthirst/.passenger/standalone/3.0.6-x86_64-ruby1.9.2-macosx-10.6/support/lib/phusion_passenger/abstract_server.rb:357:in `server_main_loop'
	from /Users/hungerandthirst/.passenger/standalone/3.0.6-x86_64-ruby1.9.2-macosx-10.6/support/lib/phusion_passenger/abstract_server.rb:206:in `start_synchronously'
	from /Users/hungerandthirst/.passenger/standalone/3.0.6-x86_64-ruby1.9.2-macosx-10.6/support/helper-scripts/passenger-spawn-server:99:in `<main>'
[ pid=22540 thr=2151957580 file=utils.rb:176 time=2011-04-19 00:02:45.267 ]: *** Exception NoMethodError in PhusionPassenger::Rack::ApplicationSpawner (undefined method `routes' for Readability::Engine:Class) (process 22540, thread #<Thread:0x00000100888898>):
	from /Users/hungerandthirst/Code/Ruby/readability/config/routes.rb:1:in `<top (required)>'
	from /Users/hungerandthirst/.rvm/gems/ruby-1.9.2-p180/gems/activesupport-3.0.7/lib/active_support/dependencies.rb:235:in `load'
	from /Users/hungerandthirst/.rvm/gems/ruby-1.9.2-p180/gems/activesupport-3.0.7/lib/active_support/dependencies.rb:235:in `block in load'
	from /Users/hungerandthirst/.rvm/gems/ruby-1.9.2-p180/gems/activesupport-3.0.7/lib/active_support/dependencies.rb:225:in `block in load_dependency'
	from /Users/hungerandthirst/.rvm/gems/ruby-1.9.2-p180/gems/activesupport-3.0.7/lib/active_support/dependencies.rb:596:in `new_constants_in'
	from /Users/hungerandthirst/.rvm/gems/ruby-1.9.2-p180/gems/activesupport-3.0.7/lib/active_support/dependencies.rb:225:in `load_dependency'
	from /Users/hungerandthirst/.rvm/gems/ruby-1.9.2-p180/gems/activesupport-3.0.7/lib/active_support/dependencies.rb:235:in `load'
	from /Users/hungerandthirst/.rvm/gems/ruby-1.9.2-p180/gems/railties-3.0.7/lib/rails/application.rb:127:in `block in reload_routes!'
	from /Users/hungerandthirst/.rvm/gems/ruby-1.9.2-p180/gems/railties-3.0.7/lib/rails/application.rb:127:in `each'
	from /Users/hungerandthirst/.rvm/gems/ruby-1.9.2-p180/gems/railties-3.0.7/lib/rails/application.rb:127:in `reload_routes!'
	from /Users/hungerandthirst/.rvm/gems/ruby-1.9.2-p180/gems/railties-3.0.7/lib/rails/application.rb:120:in `block in routes_reloader'
	from /Users/hungerandthirst/.rvm/gems/ruby-1.9.2-p180/gems/activesupport-3.0.7/lib/active_support/file_update_checker.rb:32:in `call'
	from /Users/hungerandthirst/.rvm/gems/ruby-1.9.2-p180/gems/activesupport-3.0.7/lib/active_support/file_update_checker.rb:32:in `execute_if_updated'
	from /Users/hungerandthirst/.rvm/gems/ruby-1.9.2-p180/gems/railties-3.0.7/lib/rails/application/finisher.rb:51:in `block (2 levels) in <module:Finisher>'
	from /Users/hungerandthirst/.rvm/gems/ruby-1.9.2-p180/gems/railties-3.0.7/lib/rails/application/finisher.rb:52:in `call'
	from /Users/hungerandthirst/.rvm/gems/ruby-1.9.2-p180/gems/railties-3.0.7/lib/rails/application/finisher.rb:52:in `block in <module:Finisher>'
	from /Users/hungerandthirst/.rvm/gems/ruby-1.9.2-p180/gems/railties-3.0.7/lib/rails/initializable.rb:25:in `instance_exec'
	from /Users/hungerandthirst/.rvm/gems/ruby-1.9.2-p180/gems/railties-3.0.7/lib/rails/initializable.rb:25:in `run'
	from /Users/hungerandthirst/.rvm/gems/ruby-1.9.2-p180/gems/railties-3.0.7/lib/rails/initializable.rb:50:in `block in run_initializers'
	from /Users/hungerandthirst/.rvm/gems/ruby-1.9.2-p180/gems/railties-3.0.7/lib/rails/initializable.rb:49:in `each'
	from /Users/hungerandthirst/.rvm/gems/ruby-1.9.2-p180/gems/railties-3.0.7/lib/rails/initializable.rb:49:in `run_initializers'
	from /Users/hungerandthirst/.rvm/gems/ruby-1.9.2-p180/gems/railties-3.0.7/lib/rails/application.rb:134:in `initialize!'
	from /Users/hungerandthirst/.rvm/gems/ruby-1.9.2-p180/gems/railties-3.0.7/lib/rails/application.rb:77:in `method_missing'
	from /Users/hungerandthirst/Code/Ruby/readability/test/dummy/config/environment.rb:5:in `<top (required)>'
	from /Users/hungerandthirst/.rvm/rubies/ruby-1.9.2-p180/lib/ruby/site_ruby/1.9.1/rubygems/custom_require.rb:36:in `require'
	from /Users/hungerandthirst/.rvm/rubies/ruby-1.9.2-p180/lib/ruby/site_ruby/1.9.1/rubygems/custom_require.rb:36:in `require'
	from config.ru:3:in `block in <main>'
	from /Users/hungerandthirst/.rvm/gems/ruby-1.9.2-p180/gems/rack-1.2.2/lib/rack/builder.rb:46:in `instance_eval'
	from /Users/hungerandthirst/.rvm/gems/ruby-1.9.2-p180/gems/rack-1.2.2/lib/rack/builder.rb:46:in `initialize'
	from config.ru:1:in `new'
	from config.ru:1:in `<main>'
	from /Users/hungerandthirst/.passenger/standalone/3.0.6-x86_64-ruby1.9.2-macosx-10.6/support/lib/phusion_passenger/rack/application_spawner.rb:222:in `eval'
	from /Users/hungerandthirst/.passenger/standalone/3.0.6-x86_64-ruby1.9.2-macosx-10.6/support/lib/phusion_passenger/rack/application_spawner.rb:222:in `load_rack_app'
	from /Users/hungerandthirst/.passenger/standalone/3.0.6-x86_64-ruby1.9.2-macosx-10.6/support/lib/phusion_passenger/rack/application_spawner.rb:156:in `block in initialize_server'
	from /Users/hungerandthirst/.passenger/standalone/3.0.6-x86_64-ruby1.9.2-macosx-10.6/support/lib/phusion_passenger/utils.rb:572:in `report_app_init_status'
	from /Users/hungerandthirst/.passenger/standalone/3.0.6-x86_64-ruby1.9.2-macosx-10.6/support/lib/phusion_passenger/rack/application_spawner.rb:153:in `initialize_server'
	from /Users/hungerandthirst/.passenger/standalone/3.0.6-x86_64-ruby1.9.2-macosx-10.6/support/lib/phusion_passenger/abstract_server.rb:204:in `start_synchronously'
	from /Users/hungerandthirst/.passenger/standalone/3.0.6-x86_64-ruby1.9.2-macosx-10.6/support/lib/phusion_passenger/abstract_server.rb:180:in `start'
	from /Users/hungerandthirst/.passenger/standalone/3.0.6-x86_64-ruby1.9.2-macosx-10.6/support/lib/phusion_passenger/rack/application_spawner.rb:128:in `start'
	from /Users/hungerandthirst/.passenger/standalone/3.0.6-x86_64-ruby1.9.2-macosx-10.6/support/lib/phusion_passenger/spawn_manager.rb:253:in `block (2 levels) in spawn_rack_application'
	from /Users/hungerandthirst/.passenger/standalone/3.0.6-x86_64-ruby1.9.2-macosx-10.6/support/lib/phusion_passenger/abstract_server_collection.rb:132:in `lookup_or_add'
	from /Users/hungerandthirst/.passenger/standalone/3.0.6-x86_64-ruby1.9.2-macosx-10.6/support/lib/phusion_passenger/spawn_manager.rb:246:in `block in spawn_rack_application'
	from /Users/hungerandthirst/.passenger/standalone/3.0.6-x86_64-ruby1.9.2-macosx-10.6/support/lib/phusion_passenger/abstract_server_collection.rb:82:in `block in synchronize'
	from <internal:prelude>:10:in `synchronize'
	from /Users/hungerandthirst/.passenger/standalone/3.0.6-x86_64-ruby1.9.2-macosx-10.6/support/lib/phusion_passenger/abstract_server_collection.rb:79:in `synchronize'
	from /Users/hungerandthirst/.passenger/standalone/3.0.6-x86_64-ruby1.9.2-macosx-10.6/support/lib/phusion_passenger/spawn_manager.rb:244:in `spawn_rack_application'
	from /Users/hungerandthirst/.passenger/standalone/3.0.6-x86_64-ruby1.9.2-macosx-10.6/support/lib/phusion_passenger/spawn_manager.rb:137:in `spawn_application'
	from /Users/hungerandthirst/.passenger/standalone/3.0.6-x86_64-ruby1.9.2-macosx-10.6/support/lib/phusion_passenger/spawn_manager.rb:275:in `handle_spawn_application'
	from /Users/hungerandthirst/.passenger/standalone/3.0.6-x86_64-ruby1.9.2-macosx-10.6/support/lib/phusion_passenger/abstract_server.rb:357:in `server_main_loop'
	from /Users/hungerandthirst/.passenger/standalone/3.0.6-x86_64-ruby1.9.2-macosx-10.6/support/lib/phusion_passenger/abstract_server.rb:206:in `start_synchronously'
	from /Users/hungerandthirst/.passenger/standalone/3.0.6-x86_64-ruby1.9.2-macosx-10.6/support/helper-scripts/passenger-spawn-server:99:in `<main>'
[ pid=22540 thr=2151957580 file=utils.rb:176 time=2011-04-19 00:03:03.884 ]: *** Exception NoMethodError in PhusionPassenger::Rack::ApplicationSpawner (undefined method `routes' for Readability::Engine:Class) (process 22540, thread #<Thread:0x00000100888898>):
	from /Users/hungerandthirst/Code/Ruby/readability/config/routes.rb:1:in `<top (required)>'
	from /Users/hungerandthirst/.rvm/gems/ruby-1.9.2-p180/gems/activesupport-3.0.7/lib/active_support/dependencies.rb:235:in `load'
	from /Users/hungerandthirst/.rvm/gems/ruby-1.9.2-p180/gems/activesupport-3.0.7/lib/active_support/dependencies.rb:235:in `block in load'
	from /Users/hungerandthirst/.rvm/gems/ruby-1.9.2-p180/gems/activesupport-3.0.7/lib/active_support/dependencies.rb:225:in `block in load_dependency'
	from /Users/hungerandthirst/.rvm/gems/ruby-1.9.2-p180/gems/activesupport-3.0.7/lib/active_support/dependencies.rb:596:in `new_constants_in'
	from /Users/hungerandthirst/.rvm/gems/ruby-1.9.2-p180/gems/activesupport-3.0.7/lib/active_support/dependencies.rb:225:in `load_dependency'
	from /Users/hungerandthirst/.rvm/gems/ruby-1.9.2-p180/gems/activesupport-3.0.7/lib/active_support/dependencies.rb:235:in `load'
	from /Users/hungerandthirst/.rvm/gems/ruby-1.9.2-p180/gems/railties-3.0.7/lib/rails/application.rb:127:in `block in reload_routes!'
	from /Users/hungerandthirst/.rvm/gems/ruby-1.9.2-p180/gems/railties-3.0.7/lib/rails/application.rb:127:in `each'
	from /Users/hungerandthirst/.rvm/gems/ruby-1.9.2-p180/gems/railties-3.0.7/lib/rails/application.rb:127:in `reload_routes!'
	from /Users/hungerandthirst/.rvm/gems/ruby-1.9.2-p180/gems/railties-3.0.7/lib/rails/application.rb:120:in `block in routes_reloader'
	from /Users/hungerandthirst/.rvm/gems/ruby-1.9.2-p180/gems/activesupport-3.0.7/lib/active_support/file_update_checker.rb:32:in `call'
	from /Users/hungerandthirst/.rvm/gems/ruby-1.9.2-p180/gems/activesupport-3.0.7/lib/active_support/file_update_checker.rb:32:in `execute_if_updated'
	from /Users/hungerandthirst/.rvm/gems/ruby-1.9.2-p180/gems/railties-3.0.7/lib/rails/application/finisher.rb:51:in `block (2 levels) in <module:Finisher>'
	from /Users/hungerandthirst/.rvm/gems/ruby-1.9.2-p180/gems/railties-3.0.7/lib/rails/application/finisher.rb:52:in `call'
	from /Users/hungerandthirst/.rvm/gems/ruby-1.9.2-p180/gems/railties-3.0.7/lib/rails/application/finisher.rb:52:in `block in <module:Finisher>'
	from /Users/hungerandthirst/.rvm/gems/ruby-1.9.2-p180/gems/railties-3.0.7/lib/rails/initializable.rb:25:in `instance_exec'
	from /Users/hungerandthirst/.rvm/gems/ruby-1.9.2-p180/gems/railties-3.0.7/lib/rails/initializable.rb:25:in `run'
	from /Users/hungerandthirst/.rvm/gems/ruby-1.9.2-p180/gems/railties-3.0.7/lib/rails/initializable.rb:50:in `block in run_initializers'
	from /Users/hungerandthirst/.rvm/gems/ruby-1.9.2-p180/gems/railties-3.0.7/lib/rails/initializable.rb:49:in `each'
	from /Users/hungerandthirst/.rvm/gems/ruby-1.9.2-p180/gems/railties-3.0.7/lib/rails/initializable.rb:49:in `run_initializers'
	from /Users/hungerandthirst/.rvm/gems/ruby-1.9.2-p180/gems/railties-3.0.7/lib/rails/application.rb:134:in `initialize!'
	from /Users/hungerandthirst/.rvm/gems/ruby-1.9.2-p180/gems/railties-3.0.7/lib/rails/application.rb:77:in `method_missing'
	from /Users/hungerandthirst/Code/Ruby/readability/test/dummy/config/environment.rb:5:in `<top (required)>'
	from /Users/hungerandthirst/.rvm/rubies/ruby-1.9.2-p180/lib/ruby/site_ruby/1.9.1/rubygems/custom_require.rb:36:in `require'
	from /Users/hungerandthirst/.rvm/rubies/ruby-1.9.2-p180/lib/ruby/site_ruby/1.9.1/rubygems/custom_require.rb:36:in `require'
	from config.ru:3:in `block in <main>'
	from /Users/hungerandthirst/.rvm/gems/ruby-1.9.2-p180/gems/rack-1.2.2/lib/rack/builder.rb:46:in `instance_eval'
	from /Users/hungerandthirst/.rvm/gems/ruby-1.9.2-p180/gems/rack-1.2.2/lib/rack/builder.rb:46:in `initialize'
	from config.ru:1:in `new'
	from config.ru:1:in `<main>'
	from /Users/hungerandthirst/.passenger/standalone/3.0.6-x86_64-ruby1.9.2-macosx-10.6/support/lib/phusion_passenger/rack/application_spawner.rb:222:in `eval'
	from /Users/hungerandthirst/.passenger/standalone/3.0.6-x86_64-ruby1.9.2-macosx-10.6/support/lib/phusion_passenger/rack/application_spawner.rb:222:in `load_rack_app'
	from /Users/hungerandthirst/.passenger/standalone/3.0.6-x86_64-ruby1.9.2-macosx-10.6/support/lib/phusion_passenger/rack/application_spawner.rb:156:in `block in initialize_server'
	from /Users/hungerandthirst/.passenger/standalone/3.0.6-x86_64-ruby1.9.2-macosx-10.6/support/lib/phusion_passenger/utils.rb:572:in `report_app_init_status'
	from /Users/hungerandthirst/.passenger/standalone/3.0.6-x86_64-ruby1.9.2-macosx-10.6/support/lib/phusion_passenger/rack/application_spawner.rb:153:in `initialize_server'
	from /Users/hungerandthirst/.passenger/standalone/3.0.6-x86_64-ruby1.9.2-macosx-10.6/support/lib/phusion_passenger/abstract_server.rb:204:in `start_synchronously'
	from /Users/hungerandthirst/.passenger/standalone/3.0.6-x86_64-ruby1.9.2-macosx-10.6/support/lib/phusion_passenger/abstract_server.rb:180:in `start'
	from /Users/hungerandthirst/.passenger/standalone/3.0.6-x86_64-ruby1.9.2-macosx-10.6/support/lib/phusion_passenger/rack/application_spawner.rb:128:in `start'
	from /Users/hungerandthirst/.passenger/standalone/3.0.6-x86_64-ruby1.9.2-macosx-10.6/support/lib/phusion_passenger/spawn_manager.rb:253:in `block (2 levels) in spawn_rack_application'
	from /Users/hungerandthirst/.passenger/standalone/3.0.6-x86_64-ruby1.9.2-macosx-10.6/support/lib/phusion_passenger/abstract_server_collection.rb:132:in `lookup_or_add'
	from /Users/hungerandthirst/.passenger/standalone/3.0.6-x86_64-ruby1.9.2-macosx-10.6/support/lib/phusion_passenger/spawn_manager.rb:246:in `block in spawn_rack_application'
	from /Users/hungerandthirst/.passenger/standalone/3.0.6-x86_64-ruby1.9.2-macosx-10.6/support/lib/phusion_passenger/abstract_server_collection.rb:82:in `block in synchronize'
	from <internal:prelude>:10:in `synchronize'
	from /Users/hungerandthirst/.passenger/standalone/3.0.6-x86_64-ruby1.9.2-macosx-10.6/support/lib/phusion_passenger/abstract_server_collection.rb:79:in `synchronize'
	from /Users/hungerandthirst/.passenger/standalone/3.0.6-x86_64-ruby1.9.2-macosx-10.6/support/lib/phusion_passenger/spawn_manager.rb:244:in `spawn_rack_application'
	from /Users/hungerandthirst/.passenger/standalone/3.0.6-x86_64-ruby1.9.2-macosx-10.6/support/lib/phusion_passenger/spawn_manager.rb:137:in `spawn_application'
	from /Users/hungerandthirst/.passenger/standalone/3.0.6-x86_64-ruby1.9.2-macosx-10.6/support/lib/phusion_passenger/spawn_manager.rb:275:in `handle_spawn_application'
	from /Users/hungerandthirst/.passenger/standalone/3.0.6-x86_64-ruby1.9.2-macosx-10.6/support/lib/phusion_passenger/abstract_server.rb:357:in `server_main_loop'
	from /Users/hungerandthirst/.passenger/standalone/3.0.6-x86_64-ruby1.9.2-macosx-10.6/support/lib/phusion_passenger/abstract_server.rb:206:in `start_synchronously'
	from /Users/hungerandthirst/.passenger/standalone/3.0.6-x86_64-ruby1.9.2-macosx-10.6/support/helper-scripts/passenger-spawn-server:99:in `<main>'
[ pid=22540 thr=2151957580 file=utils.rb:176 time=2011-04-19 00:05:52.070 ]: *** Exception NameError in PhusionPassenger::Rack::ApplicationSpawner (uninitialized constant Readability::Application) (process 22540, thread #<Thread:0x00000100888898>):
	from /Users/hungerandthirst/Code/Ruby/readability/config/routes.rb:1:in `<top (required)>'
	from /Users/hungerandthirst/.rvm/gems/ruby-1.9.2-p180/gems/railties-3.0.7/lib/rails/application.rb:127:in `block in reload_routes!'
	from /Users/hungerandthirst/.rvm/gems/ruby-1.9.2-p180/gems/railties-3.0.7/lib/rails/application.rb:127:in `each'
	from /Users/hungerandthirst/.rvm/gems/ruby-1.9.2-p180/gems/railties-3.0.7/lib/rails/application.rb:127:in `reload_routes!'
	from /Users/hungerandthirst/.rvm/gems/ruby-1.9.2-p180/gems/railties-3.0.7/lib/rails/application.rb:120:in `block in routes_reloader'
	from /Users/hungerandthirst/.rvm/gems/ruby-1.9.2-p180/gems/activesupport-3.0.7/lib/active_support/file_update_checker.rb:32:in `call'
	from /Users/hungerandthirst/.rvm/gems/ruby-1.9.2-p180/gems/activesupport-3.0.7/lib/active_support/file_update_checker.rb:32:in `execute_if_updated'
	from /Users/hungerandthirst/.rvm/gems/ruby-1.9.2-p180/gems/railties-3.0.7/lib/rails/application/finisher.rb:51:in `block (2 levels) in <module:Finisher>'
	from /Users/hungerandthirst/.rvm/gems/ruby-1.9.2-p180/gems/railties-3.0.7/lib/rails/application/finisher.rb:52:in `call'
	from /Users/hungerandthirst/.rvm/gems/ruby-1.9.2-p180/gems/railties-3.0.7/lib/rails/application/finisher.rb:52:in `block in <module:Finisher>'
	from /Users/hungerandthirst/.rvm/gems/ruby-1.9.2-p180/gems/railties-3.0.7/lib/rails/initializable.rb:25:in `instance_exec'
	from /Users/hungerandthirst/.rvm/gems/ruby-1.9.2-p180/gems/railties-3.0.7/lib/rails/initializable.rb:25:in `run'
	from /Users/hungerandthirst/.rvm/gems/ruby-1.9.2-p180/gems/railties-3.0.7/lib/rails/initializable.rb:50:in `block in run_initializers'
	from /Users/hungerandthirst/.rvm/gems/ruby-1.9.2-p180/gems/railties-3.0.7/lib/rails/initializable.rb:49:in `each'
	from /Users/hungerandthirst/.rvm/gems/ruby-1.9.2-p180/gems/railties-3.0.7/lib/rails/initializable.rb:49:in `run_initializers'
	from /Users/hungerandthirst/.rvm/gems/ruby-1.9.2-p180/gems/railties-3.0.7/lib/rails/application.rb:134:in `initialize!'
	from /Users/hungerandthirst/.rvm/gems/ruby-1.9.2-p180/gems/railties-3.0.7/lib/rails/application.rb:77:in `method_missing'
	from /Users/hungerandthirst/Code/Ruby/readability/test/dummy/config/environment.rb:5:in `<top (required)>'
	from /Users/hungerandthirst/.rvm/rubies/ruby-1.9.2-p180/lib/ruby/site_ruby/1.9.1/rubygems/custom_require.rb:36:in `require'
	from /Users/hungerandthirst/.rvm/rubies/ruby-1.9.2-p180/lib/ruby/site_ruby/1.9.1/rubygems/custom_require.rb:36:in `require'
	from config.ru:3:in `block in <main>'
	from /Users/hungerandthirst/.rvm/gems/ruby-1.9.2-p180/gems/rack-1.2.2/lib/rack/builder.rb:46:in `instance_eval'
	from /Users/hungerandthirst/.rvm/gems/ruby-1.9.2-p180/gems/rack-1.2.2/lib/rack/builder.rb:46:in `initialize'
	from config.ru:1:in `new'
	from config.ru:1:in `<main>'
	from /Users/hungerandthirst/.passenger/standalone/3.0.6-x86_64-ruby1.9.2-macosx-10.6/support/lib/phusion_passenger/rack/application_spawner.rb:222:in `eval'
	from /Users/hungerandthirst/.passenger/standalone/3.0.6-x86_64-ruby1.9.2-macosx-10.6/support/lib/phusion_passenger/rack/application_spawner.rb:222:in `load_rack_app'
	from /Users/hungerandthirst/.passenger/standalone/3.0.6-x86_64-ruby1.9.2-macosx-10.6/support/lib/phusion_passenger/rack/application_spawner.rb:156:in `block in initialize_server'
	from /Users/hungerandthirst/.passenger/standalone/3.0.6-x86_64-ruby1.9.2-macosx-10.6/support/lib/phusion_passenger/utils.rb:572:in `report_app_init_status'
	from /Users/hungerandthirst/.passenger/standalone/3.0.6-x86_64-ruby1.9.2-macosx-10.6/support/lib/phusion_passenger/rack/application_spawner.rb:153:in `initialize_server'
	from /Users/hungerandthirst/.passenger/standalone/3.0.6-x86_64-ruby1.9.2-macosx-10.6/support/lib/phusion_passenger/abstract_server.rb:204:in `start_synchronously'
	from /Users/hungerandthirst/.passenger/standalone/3.0.6-x86_64-ruby1.9.2-macosx-10.6/support/lib/phusion_passenger/abstract_server.rb:180:in `start'
	from /Users/hungerandthirst/.passenger/standalone/3.0.6-x86_64-ruby1.9.2-macosx-10.6/support/lib/phusion_passenger/rack/application_spawner.rb:128:in `start'
	from /Users/hungerandthirst/.passenger/standalone/3.0.6-x86_64-ruby1.9.2-macosx-10.6/support/lib/phusion_passenger/spawn_manager.rb:253:in `block (2 levels) in spawn_rack_application'
	from /Users/hungerandthirst/.passenger/standalone/3.0.6-x86_64-ruby1.9.2-macosx-10.6/support/lib/phusion_passenger/abstract_server_collection.rb:132:in `lookup_or_add'
	from /Users/hungerandthirst/.passenger/standalone/3.0.6-x86_64-ruby1.9.2-macosx-10.6/support/lib/phusion_passenger/spawn_manager.rb:246:in `block in spawn_rack_application'
	from /Users/hungerandthirst/.passenger/standalone/3.0.6-x86_64-ruby1.9.2-macosx-10.6/support/lib/phusion_passenger/abstract_server_collection.rb:82:in `block in synchronize'
	from <internal:prelude>:10:in `synchronize'
	from /Users/hungerandthirst/.passenger/standalone/3.0.6-x86_64-ruby1.9.2-macosx-10.6/support/lib/phusion_passenger/abstract_server_collection.rb:79:in `synchronize'
	from /Users/hungerandthirst/.passenger/standalone/3.0.6-x86_64-ruby1.9.2-macosx-10.6/support/lib/phusion_passenger/spawn_manager.rb:244:in `spawn_rack_application'
	from /Users/hungerandthirst/.passenger/standalone/3.0.6-x86_64-ruby1.9.2-macosx-10.6/support/lib/phusion_passenger/spawn_manager.rb:137:in `spawn_application'
	from /Users/hungerandthirst/.passenger/standalone/3.0.6-x86_64-ruby1.9.2-macosx-10.6/support/lib/phusion_passenger/spawn_manager.rb:275:in `handle_spawn_application'
	from /Users/hungerandthirst/.passenger/standalone/3.0.6-x86_64-ruby1.9.2-macosx-10.6/support/lib/phusion_passenger/abstract_server.rb:357:in `server_main_loop'
	from /Users/hungerandthirst/.passenger/standalone/3.0.6-x86_64-ruby1.9.2-macosx-10.6/support/lib/phusion_passenger/abstract_server.rb:206:in `start_synchronously'
	from /Users/hungerandthirst/.passenger/standalone/3.0.6-x86_64-ruby1.9.2-macosx-10.6/support/helper-scripts/passenger-spawn-server:99:in `<main>'
[ pid=25763 thr=2151957580 file=utils.rb:176 time=2011-04-19 09:16:24.968 ]: *** Exception NameError in PhusionPassenger::Rack::ApplicationSpawner (uninitialized constant Cheese) (process 25763, thread #<Thread:0x00000100888898>):
	from /Users/hungerandthirst/Code/Ruby/readability/lib/readability/acts_as_readability.rb:29:in `<top (required)>'
	from /Users/hungerandthirst/Code/Ruby/readability/lib/readability.rb:6:in `require'
	from /Users/hungerandthirst/Code/Ruby/readability/lib/readability.rb:6:in `<module:Readability>'
	from /Users/hungerandthirst/Code/Ruby/readability/lib/readability.rb:1:in `<top (required)>'
	from /Users/hungerandthirst/Code/Ruby/readability/test/dummy/config/application.rb:10:in `require'
	from /Users/hungerandthirst/Code/Ruby/readability/test/dummy/config/application.rb:10:in `<top (required)>'
	from /Users/hungerandthirst/.rvm/rubies/ruby-1.9.2-p180/lib/ruby/site_ruby/1.9.1/rubygems/custom_require.rb:36:in `require'
	from /Users/hungerandthirst/.rvm/rubies/ruby-1.9.2-p180/lib/ruby/site_ruby/1.9.1/rubygems/custom_require.rb:36:in `require'
	from /Users/hungerandthirst/Code/Ruby/readability/test/dummy/config/environment.rb:2:in `<top (required)>'
	from /Users/hungerandthirst/.rvm/rubies/ruby-1.9.2-p180/lib/ruby/site_ruby/1.9.1/rubygems/custom_require.rb:36:in `require'
	from /Users/hungerandthirst/.rvm/rubies/ruby-1.9.2-p180/lib/ruby/site_ruby/1.9.1/rubygems/custom_require.rb:36:in `require'
	from config.ru:3:in `block in <main>'
	from /Users/hungerandthirst/.rvm/gems/ruby-1.9.2-p180/gems/rack-1.2.2/lib/rack/builder.rb:46:in `instance_eval'
	from /Users/hungerandthirst/.rvm/gems/ruby-1.9.2-p180/gems/rack-1.2.2/lib/rack/builder.rb:46:in `initialize'
	from config.ru:1:in `new'
	from config.ru:1:in `<main>'
	from /Users/hungerandthirst/.passenger/standalone/3.0.6-x86_64-ruby1.9.2-macosx-10.6/support/lib/phusion_passenger/rack/application_spawner.rb:222:in `eval'
	from /Users/hungerandthirst/.passenger/standalone/3.0.6-x86_64-ruby1.9.2-macosx-10.6/support/lib/phusion_passenger/rack/application_spawner.rb:222:in `load_rack_app'
	from /Users/hungerandthirst/.passenger/standalone/3.0.6-x86_64-ruby1.9.2-macosx-10.6/support/lib/phusion_passenger/rack/application_spawner.rb:156:in `block in initialize_server'
	from /Users/hungerandthirst/.passenger/standalone/3.0.6-x86_64-ruby1.9.2-macosx-10.6/support/lib/phusion_passenger/utils.rb:572:in `report_app_init_status'
	from /Users/hungerandthirst/.passenger/standalone/3.0.6-x86_64-ruby1.9.2-macosx-10.6/support/lib/phusion_passenger/rack/application_spawner.rb:153:in `initialize_server'
	from /Users/hungerandthirst/.passenger/standalone/3.0.6-x86_64-ruby1.9.2-macosx-10.6/support/lib/phusion_passenger/abstract_server.rb:204:in `start_synchronously'
	from /Users/hungerandthirst/.passenger/standalone/3.0.6-x86_64-ruby1.9.2-macosx-10.6/support/lib/phusion_passenger/abstract_server.rb:180:in `start'
	from /Users/hungerandthirst/.passenger/standalone/3.0.6-x86_64-ruby1.9.2-macosx-10.6/support/lib/phusion_passenger/rack/application_spawner.rb:128:in `start'
	from /Users/hungerandthirst/.passenger/standalone/3.0.6-x86_64-ruby1.9.2-macosx-10.6/support/lib/phusion_passenger/spawn_manager.rb:253:in `block (2 levels) in spawn_rack_application'
	from /Users/hungerandthirst/.passenger/standalone/3.0.6-x86_64-ruby1.9.2-macosx-10.6/support/lib/phusion_passenger/abstract_server_collection.rb:132:in `lookup_or_add'
	from /Users/hungerandthirst/.passenger/standalone/3.0.6-x86_64-ruby1.9.2-macosx-10.6/support/lib/phusion_passenger/spawn_manager.rb:246:in `block in spawn_rack_application'
	from /Users/hungerandthirst/.passenger/standalone/3.0.6-x86_64-ruby1.9.2-macosx-10.6/support/lib/phusion_passenger/abstract_server_collection.rb:82:in `block in synchronize'
	from <internal:prelude>:10:in `synchronize'
	from /Users/hungerandthirst/.passenger/standalone/3.0.6-x86_64-ruby1.9.2-macosx-10.6/support/lib/phusion_passenger/abstract_server_collection.rb:79:in `synchronize'
	from /Users/hungerandthirst/.passenger/standalone/3.0.6-x86_64-ruby1.9.2-macosx-10.6/support/lib/phusion_passenger/spawn_manager.rb:244:in `spawn_rack_application'
	from /Users/hungerandthirst/.passenger/standalone/3.0.6-x86_64-ruby1.9.2-macosx-10.6/support/lib/phusion_passenger/spawn_manager.rb:137:in `spawn_application'
	from /Users/hungerandthirst/.passenger/standalone/3.0.6-x86_64-ruby1.9.2-macosx-10.6/support/lib/phusion_passenger/spawn_manager.rb:275:in `handle_spawn_application'
	from /Users/hungerandthirst/.passenger/standalone/3.0.6-x86_64-ruby1.9.2-macosx-10.6/support/lib/phusion_passenger/abstract_server.rb:357:in `server_main_loop'
	from /Users/hungerandthirst/.passenger/standalone/3.0.6-x86_64-ruby1.9.2-macosx-10.6/support/lib/phusion_passenger/abstract_server.rb:206:in `start_synchronously'
	from /Users/hungerandthirst/.passenger/standalone/3.0.6-x86_64-ruby1.9.2-macosx-10.6/support/helper-scripts/passenger-spawn-server:99:in `<main>'
[ pid=25975 thr=0x7fff70d7eca0 file=ext/common/Watchdog.cpp:881 time=2011-04-19 09:24:26.101 ]: Some Phusion Passenger agent processes did not exit in time, forcefully shutting down all.
